<?xml version="1.0" encoding="UTF-8"?>
<!-- Generated by org.testng.reporters.JUnitXMLReporter -->
<testsuite ignored="18" hostname="Omprakash" failures="0" tests="3" name="ChromeTest" time="39.547" errors="0" timestamp="2022-05-03T12:28:30 IST">
  <testcase classname="com.autodesk.testyantra1.practice.DropdownOptionsWithoutGetOptions" name="m1" time="2.97"/>
  <testcase classname="com.autodesk.testyantra1.practice.WindowHndl" name="mm" time="16.269"/>
  <testcase classname="com.autodesk.testyantra1.practice.LinksTextboxDrodown" name="m1" time="28.42"/>
  <testcase classname="com.autodesk.testyantra1.genericlibrary.BaseClass" name="@AfterTest afterTest" time="0.0">
    <ignored/>
  </testcase> <!-- @AfterTest afterTest -->
  <testcase classname="com.autodesk.testyantra1.genericlibrary.BaseClass" name="@AfterTest afterTest" time="0.0">
    <ignored/>
  </testcase> <!-- @AfterTest afterTest -->
  <testcase classname="com.autodesk.testyantra1.genericlibrary.BaseClass" name="@AfterTest afterTest" time="0.0">
    <ignored/>
  </testcase> <!-- @AfterTest afterTest -->
  <testcase classname="com.autodesk.testyantra1.genericlibrary.BaseClass" name="@AfterTest afterTest" time="0.0">
    <ignored/>
  </testcase> <!-- @AfterTest afterTest -->
  <testcase classname="com.autodesk.testyantra1.genericlibrary.BaseClass" name="@BeforeSuite beforeSuite" time="0.0">
    <ignored/>
  </testcase> <!-- @BeforeSuite beforeSuite -->
  <testcase classname="com.autodesk.testyantra1.genericlibrary.BaseClass" name="@BeforeSuite beforeSuite" time="0.0">
    <ignored/>
  </testcase> <!-- @BeforeSuite beforeSuite -->
  <testcase classname="com.autodesk.testyantra1.genericlibrary.BaseClass" name="@BeforeSuite beforeSuite" time="0.0">
    <ignored/>
  </testcase> <!-- @BeforeSuite beforeSuite -->
  <testcase classname="com.autodesk.testyantra1.genericlibrary.BaseClass" name="@BeforeSuite beforeSuite" time="0.0">
    <ignored/>
  </testcase> <!-- @BeforeSuite beforeSuite -->
  <testcase classname="com.autodesk.testyantra1.practice.FetchDataInExcel" name="excel" time="0.0">
    <ignored/>
  </testcase> <!-- excel -->
  <testcase classname="com.autodesk.testyantra1.practice.FetchdataInProperties" name="property" time="0.0">
    <ignored/>
  </testcase> <!-- property -->
  <testcase classname="com.autodesk.testyantra1.genericlibrary.BaseClass" name="@BeforeTest beforeTest" time="0.0">
    <ignored/>
  </testcase> <!-- @BeforeTest beforeTest -->
  <testcase classname="com.autodesk.testyantra1.genericlibrary.BaseClass" name="@BeforeTest beforeTest" time="0.0">
    <ignored/>
  </testcase> <!-- @BeforeTest beforeTest -->
  <testcase classname="com.autodesk.testyantra1.genericlibrary.BaseClass" name="@BeforeTest beforeTest" time="0.0">
    <ignored/>
  </testcase> <!-- @BeforeTest beforeTest -->
  <testcase classname="com.autodesk.testyantra1.genericlibrary.BaseClass" name="@BeforeTest beforeTest" time="0.0">
    <ignored/>
  </testcase> <!-- @BeforeTest beforeTest -->
  <testcase classname="com.autodesk.testyantra1.genericlibrary.BaseClass" name="@AfterSuite afterSuite" time="0.0">
    <ignored/>
  </testcase> <!-- @AfterSuite afterSuite -->
  <testcase classname="com.autodesk.testyantra1.genericlibrary.BaseClass" name="@AfterSuite afterSuite" time="0.0">
    <ignored/>
  </testcase> <!-- @AfterSuite afterSuite -->
  <testcase classname="com.autodesk.testyantra1.genericlibrary.BaseClass" name="@AfterSuite afterSuite" time="0.0">
    <ignored/>
  </testcase> <!-- @AfterSuite afterSuite -->
  <testcase classname="com.autodesk.testyantra1.genericlibrary.BaseClass" name="@AfterSuite afterSuite" time="0.0">
    <ignored/>
  </testcase> <!-- @AfterSuite afterSuite -->
</testsuite> <!-- ChromeTest -->
